36591:M 31 Oct 10:54:16.101 * Increased maximum number of open files to 10032 (it was originally set to 1024).
                _._                                                  
           _.-``__ ''-._                                             
      _.-``    `.  `_.  ''-._           Redis 3.2.5 (5a352c5a/1) 64 bit
  .-`` .-```.  ```\/    _.,_ ''-._                                   
 (    '      ,       .-`  | `,    )     Running in standalone mode
 |`-._`-...-` __...-.``-._|'` _.-'|     Port: 0
 |    `-._   `._    /     _.-'    |     PID: 36591
  `-._    `-._  `-./  _.-'    _.-'                                   
 |`-._`-._    `-.__.-'    _.-'_.-'|                                  
 |    `-._`-._        _.-'_.-'    |           http://redis.io        
  `-._    `-._`-.__.-'_.-'    _.-'                                   
 |`-._`-._    `-.__.-'    _.-'_.-'|                                  
 |    `-._`-._        _.-'_.-'    |                                  
  `-._    `-._`-.__.-'_.-'    _.-'                                   
      `-._    `-.__.-'    _.-'                                       
          `-._        _.-'                                           
              `-.__.-'                                               

36591:M 31 Oct 10:54:16.104 # Server started, Redis version 3.2.5
36591:M 31 Oct 10:54:16.104 * The server is now ready to accept connections at /Users/dev/Documents/gbc-server/tmp/redis.sock
36591:signal-handler (1477882482) Received SIGTERM scheduling shutdown...
36591:M 31 Oct 10:54:42.689 # User requested shutdown...
36591:M 31 Oct 10:54:42.689 * Saving the final RDB snapshot before exiting.
36591:M 31 Oct 10:54:42.691 * DB saved on disk
36591:M 31 Oct 10:54:42.691 * Removing the pid file.
36591:M 31 Oct 10:54:42.692 * Removing the unix socket file.
36591:M 31 Oct 10:54:42.692 # Redis is now ready to exit, bye bye...
36635:M 31 Oct 10:54:46.493 * Increased maximum number of open files to 10032 (it was originally set to 1024).
                _._                                                  
           _.-``__ ''-._                                             
      _.-``    `.  `_.  ''-._           Redis 3.2.5 (5a352c5a/1) 64 bit
  .-`` .-```.  ```\/    _.,_ ''-._                                   
 (    '      ,       .-`  | `,    )     Running in standalone mode
 |`-._`-...-` __...-.``-._|'` _.-'|     Port: 0
 |    `-._   `._    /     _.-'    |     PID: 36635
  `-._    `-._  `-./  _.-'    _.-'                                   
 |`-._`-._    `-.__.-'    _.-'_.-'|                                  
 |    `-._`-._        _.-'_.-'    |           http://redis.io        
  `-._    `-._`-.__.-'_.-'    _.-'                                   
 |`-._`-._    `-.__.-'    _.-'_.-'|                                  
 |    `-._`-._        _.-'_.-'    |                                  
  `-._    `-._`-.__.-'_.-'    _.-'                                   
      `-._    `-.__.-'    _.-'                                       
          `-._        _.-'                                           
              `-.__.-'                                               

36635:M 31 Oct 10:54:46.496 # Server started, Redis version 3.2.5
36635:M 31 Oct 10:54:46.496 * DB loaded from disk: 0.000 seconds
36635:M 31 Oct 10:54:46.496 * The server is now ready to accept connections at /Users/dev/Documents/gbc-server/tmp/redis.sock
36635:signal-handler (1477882564) Received SIGTERM scheduling shutdown...
36635:M 31 Oct 10:56:04.328 # User requested shutdown...
36635:M 31 Oct 10:56:04.328 * Saving the final RDB snapshot before exiting.
36635:M 31 Oct 10:56:04.332 * DB saved on disk
36635:M 31 Oct 10:56:04.332 * Removing the pid file.
36635:M 31 Oct 10:56:04.332 * Removing the unix socket file.
36635:M 31 Oct 10:56:04.333 # Redis is now ready to exit, bye bye...
36693:M 31 Oct 10:56:10.250 * Increased maximum number of open files to 10032 (it was originally set to 1024).
                _._                                                  
           _.-``__ ''-._                                             
      _.-``    `.  `_.  ''-._           Redis 3.2.5 (5a352c5a/1) 64 bit
  .-`` .-```.  ```\/    _.,_ ''-._                                   
 (    '      ,       .-`  | `,    )     Running in standalone mode
 |`-._`-...-` __...-.``-._|'` _.-'|     Port: 0
 |    `-._   `._    /     _.-'    |     PID: 36693
  `-._    `-._  `-./  _.-'    _.-'                                   
 |`-._`-._    `-.__.-'    _.-'_.-'|                                  
 |    `-._`-._        _.-'_.-'    |           http://redis.io        
  `-._    `-._`-.__.-'_.-'    _.-'                                   
 |`-._`-._    `-.__.-'    _.-'_.-'|                                  
 |    `-._`-._        _.-'_.-'    |                                  
  `-._    `-._`-.__.-'_.-'    _.-'                                   
      `-._    `-.__.-'    _.-'                                       
          `-._        _.-'                                           
              `-.__.-'                                               

36693:M 31 Oct 10:56:10.253 # Server started, Redis version 3.2.5
36693:M 31 Oct 10:56:10.254 * DB loaded from disk: 0.001 seconds
36693:M 31 Oct 10:56:10.254 * The server is now ready to accept connections at /Users/dev/Documents/gbc-server/tmp/redis.sock
36693:signal-handler (1477882643) Received SIGTERM scheduling shutdown...
36693:M 31 Oct 10:57:23.752 # User requested shutdown...
36693:M 31 Oct 10:57:23.752 * Saving the final RDB snapshot before exiting.
36693:M 31 Oct 10:57:23.753 * DB saved on disk
36693:M 31 Oct 10:57:23.754 * Removing the pid file.
36693:M 31 Oct 10:57:23.754 * Removing the unix socket file.
36693:M 31 Oct 10:57:23.754 # Redis is now ready to exit, bye bye...
36757:M 31 Oct 10:57:28.178 * Increased maximum number of open files to 10032 (it was originally set to 1024).
                _._                                                  
           _.-``__ ''-._                                             
      _.-``    `.  `_.  ''-._           Redis 3.2.5 (5a352c5a/1) 64 bit
  .-`` .-```.  ```\/    _.,_ ''-._                                   
 (    '      ,       .-`  | `,    )     Running in standalone mode
 |`-._`-...-` __...-.``-._|'` _.-'|     Port: 0
 |    `-._   `._    /     _.-'    |     PID: 36757
  `-._    `-._  `-./  _.-'    _.-'                                   
 |`-._`-._    `-.__.-'    _.-'_.-'|                                  
 |    `-._`-._        _.-'_.-'    |           http://redis.io        
  `-._    `-._`-.__.-'_.-'    _.-'                                   
 |`-._`-._    `-.__.-'    _.-'_.-'|                                  
 |    `-._`-._        _.-'_.-'    |                                  
  `-._    `-._`-.__.-'_.-'    _.-'                                   
      `-._    `-.__.-'    _.-'                                       
          `-._        _.-'                                           
              `-.__.-'                                               

36757:M 31 Oct 10:57:28.182 # Server started, Redis version 3.2.5
36757:M 31 Oct 10:57:28.183 * DB loaded from disk: 0.001 seconds
36757:M 31 Oct 10:57:28.183 * The server is now ready to accept connections at /Users/dev/Documents/gbc-server/tmp/redis.sock
36757:signal-handler (1477882732) Received SIGTERM scheduling shutdown...
36757:M 31 Oct 10:58:52.817 # User requested shutdown...
36757:M 31 Oct 10:58:52.817 * Saving the final RDB snapshot before exiting.
36757:M 31 Oct 10:58:52.820 * DB saved on disk
36757:M 31 Oct 10:58:52.820 * Removing the pid file.
36757:M 31 Oct 10:58:52.820 * Removing the unix socket file.
36757:M 31 Oct 10:58:52.820 # Redis is now ready to exit, bye bye...
36824:M 31 Oct 10:59:07.660 * Increased maximum number of open files to 10032 (it was originally set to 1024).
                _._                                                  
           _.-``__ ''-._                                             
      _.-``    `.  `_.  ''-._           Redis 3.2.5 (5a352c5a/1) 64 bit
  .-`` .-```.  ```\/    _.,_ ''-._                                   
 (    '      ,       .-`  | `,    )     Running in standalone mode
 |`-._`-...-` __...-.``-._|'` _.-'|     Port: 0
 |    `-._   `._    /     _.-'    |     PID: 36824
  `-._    `-._  `-./  _.-'    _.-'                                   
 |`-._`-._    `-.__.-'    _.-'_.-'|                                  
 |    `-._`-._        _.-'_.-'    |           http://redis.io        
  `-._    `-._`-.__.-'_.-'    _.-'                                   
 |`-._`-._    `-.__.-'    _.-'_.-'|                                  
 |    `-._`-._        _.-'_.-'    |                                  
  `-._    `-._`-.__.-'_.-'    _.-'                                   
      `-._    `-.__.-'    _.-'                                       
          `-._        _.-'                                           
              `-.__.-'                                               

36824:M 31 Oct 10:59:07.663 # Server started, Redis version 3.2.5
36824:M 31 Oct 10:59:07.663 * The server is now ready to accept connections at /Users/dev/Documents/gbc-server/tmp/redis.sock
36824:M 31 Oct 11:04:08.085 * 10 changes in 300 seconds. Saving...
36824:M 31 Oct 11:04:08.085 * Background saving started by pid 37167
37167:C 31 Oct 11:04:08.087 * DB saved on disk
36824:M 31 Oct 11:04:08.191 * Background saving terminated with success
36824:M 31 Oct 11:09:09.079 * 10 changes in 300 seconds. Saving...
36824:M 31 Oct 11:09:09.079 * Background saving started by pid 37643
37643:C 31 Oct 11:09:09.082 * DB saved on disk
36824:M 31 Oct 11:09:09.185 * Background saving terminated with success
36824:signal-handler (1477883605) Received SIGTERM scheduling shutdown...
36824:M 31 Oct 11:13:25.606 # User requested shutdown...
36824:M 31 Oct 11:13:25.606 * Saving the final RDB snapshot before exiting.
36824:M 31 Oct 11:13:25.607 * DB saved on disk
36824:M 31 Oct 11:13:25.607 * Removing the pid file.
36824:M 31 Oct 11:13:25.608 * Removing the unix socket file.
36824:M 31 Oct 11:13:25.608 # Redis is now ready to exit, bye bye...
38159:M 31 Oct 11:13:27.184 * Increased maximum number of open files to 10032 (it was originally set to 1024).
                _._                                                  
           _.-``__ ''-._                                             
      _.-``    `.  `_.  ''-._           Redis 3.2.5 (5a352c5a/1) 64 bit
  .-`` .-```.  ```\/    _.,_ ''-._                                   
 (    '      ,       .-`  | `,    )     Running in standalone mode
 |`-._`-...-` __...-.``-._|'` _.-'|     Port: 0
 |    `-._   `._    /     _.-'    |     PID: 38159
  `-._    `-._  `-./  _.-'    _.-'                                   
 |`-._`-._    `-.__.-'    _.-'_.-'|                                  
 |    `-._`-._        _.-'_.-'    |           http://redis.io        
  `-._    `-._`-.__.-'_.-'    _.-'                                   
 |`-._`-._    `-.__.-'    _.-'_.-'|                                  
 |    `-._`-._        _.-'_.-'    |                                  
  `-._    `-._`-.__.-'_.-'    _.-'                                   
      `-._    `-.__.-'    _.-'                                       
          `-._        _.-'                                           
              `-.__.-'                                               

38159:M 31 Oct 11:13:27.187 # Server started, Redis version 3.2.5
38159:M 31 Oct 11:13:27.188 * DB loaded from disk: 0.001 seconds
38159:M 31 Oct 11:13:27.188 * The server is now ready to accept connections at /Users/dev/Documents/gbc-server/tmp/redis.sock
38159:signal-handler (1477883630) Received SIGTERM scheduling shutdown...
38159:M 31 Oct 11:13:50.242 # User requested shutdown...
38159:M 31 Oct 11:13:50.242 * Saving the final RDB snapshot before exiting.
38159:M 31 Oct 11:13:50.243 * DB saved on disk
38159:M 31 Oct 11:13:50.243 * Removing the pid file.
38159:M 31 Oct 11:13:50.243 * Removing the unix socket file.
38159:M 31 Oct 11:13:50.243 # Redis is now ready to exit, bye bye...
38222:M 31 Oct 11:13:55.957 * Increased maximum number of open files to 10032 (it was originally set to 1024).
                _._                                                  
           _.-``__ ''-._                                             
      _.-``    `.  `_.  ''-._           Redis 3.2.5 (5a352c5a/1) 64 bit
  .-`` .-```.  ```\/    _.,_ ''-._                                   
 (    '      ,       .-`  | `,    )     Running in standalone mode
 |`-._`-...-` __...-.``-._|'` _.-'|     Port: 0
 |    `-._   `._    /     _.-'    |     PID: 38222
  `-._    `-._  `-./  _.-'    _.-'                                   
 |`-._`-._    `-.__.-'    _.-'_.-'|                                  
 |    `-._`-._        _.-'_.-'    |           http://redis.io        
  `-._    `-._`-.__.-'_.-'    _.-'                                   
 |`-._`-._    `-.__.-'    _.-'_.-'|                                  
 |    `-._`-._        _.-'_.-'    |                                  
  `-._    `-._`-.__.-'_.-'    _.-'                                   
      `-._    `-.__.-'    _.-'                                       
          `-._        _.-'                                           
              `-.__.-'                                               

38222:M 31 Oct 11:13:55.959 # Server started, Redis version 3.2.5
38222:M 31 Oct 11:13:55.960 * DB loaded from disk: 0.001 seconds
38222:M 31 Oct 11:13:55.960 * The server is now ready to accept connections at /Users/dev/Documents/gbc-server/tmp/redis.sock
38222:signal-handler (1477883866) Received SIGTERM scheduling shutdown...
38222:M 31 Oct 11:17:46.357 # User requested shutdown...
38222:M 31 Oct 11:17:46.358 * Saving the final RDB snapshot before exiting.
38222:M 31 Oct 11:17:46.359 * DB saved on disk
38222:M 31 Oct 11:17:46.359 * Removing the pid file.
38222:M 31 Oct 11:17:46.360 * Removing the unix socket file.
38222:M 31 Oct 11:17:46.360 # Redis is now ready to exit, bye bye...
38327:M 31 Oct 11:17:57.188 * Increased maximum number of open files to 10032 (it was originally set to 1024).
                _._                                                  
           _.-``__ ''-._                                             
      _.-``    `.  `_.  ''-._           Redis 3.2.5 (5a352c5a/1) 64 bit
  .-`` .-```.  ```\/    _.,_ ''-._                                   
 (    '      ,       .-`  | `,    )     Running in standalone mode
 |`-._`-...-` __...-.``-._|'` _.-'|     Port: 0
 |    `-._   `._    /     _.-'    |     PID: 38327
  `-._    `-._  `-./  _.-'    _.-'                                   
 |`-._`-._    `-.__.-'    _.-'_.-'|                                  
 |    `-._`-._        _.-'_.-'    |           http://redis.io        
  `-._    `-._`-.__.-'_.-'    _.-'                                   
 |`-._`-._    `-.__.-'    _.-'_.-'|                                  
 |    `-._`-._        _.-'_.-'    |                                  
  `-._    `-._`-.__.-'_.-'    _.-'                                   
      `-._    `-.__.-'    _.-'                                       
          `-._        _.-'                                           
              `-.__.-'                                               

38327:M 31 Oct 11:17:57.191 # Server started, Redis version 3.2.5
38327:M 31 Oct 11:17:57.192 * DB loaded from disk: 0.001 seconds
38327:M 31 Oct 11:17:57.192 * The server is now ready to accept connections at /Users/dev/Documents/gbc-server/tmp/redis.sock
38327:signal-handler (1477883958) Received SIGTERM scheduling shutdown...
38327:M 31 Oct 11:19:18.316 # User requested shutdown...
38327:M 31 Oct 11:19:18.316 * Saving the final RDB snapshot before exiting.
38327:M 31 Oct 11:19:18.317 * DB saved on disk
38327:M 31 Oct 11:19:18.318 * Removing the pid file.
38327:M 31 Oct 11:19:18.318 * Removing the unix socket file.
38327:M 31 Oct 11:19:18.318 # Redis is now ready to exit, bye bye...
38387:M 31 Oct 11:19:26.306 * Increased maximum number of open files to 10032 (it was originally set to 1024).
                _._                                                  
           _.-``__ ''-._                                             
      _.-``    `.  `_.  ''-._           Redis 3.2.5 (5a352c5a/1) 64 bit
  .-`` .-```.  ```\/    _.,_ ''-._                                   
 (    '      ,       .-`  | `,    )     Running in standalone mode
 |`-._`-...-` __...-.``-._|'` _.-'|     Port: 0
 |    `-._   `._    /     _.-'    |     PID: 38387
  `-._    `-._  `-./  _.-'    _.-'                                   
 |`-._`-._    `-.__.-'    _.-'_.-'|                                  
 |    `-._`-._        _.-'_.-'    |           http://redis.io        
  `-._    `-._`-.__.-'_.-'    _.-'                                   
 |`-._`-._    `-.__.-'    _.-'_.-'|                                  
 |    `-._`-._        _.-'_.-'    |                                  
  `-._    `-._`-.__.-'_.-'    _.-'                                   
      `-._    `-.__.-'    _.-'                                       
          `-._        _.-'                                           
              `-.__.-'                                               

38387:M 31 Oct 11:19:26.309 # Server started, Redis version 3.2.5
38387:M 31 Oct 11:19:26.310 * DB loaded from disk: 0.001 seconds
38387:M 31 Oct 11:19:26.310 * The server is now ready to accept connections at /Users/dev/Documents/gbc-server/tmp/redis.sock
38387:signal-handler (1477883997) Received SIGTERM scheduling shutdown...
38387:M 31 Oct 11:19:57.546 # User requested shutdown...
38387:M 31 Oct 11:19:57.547 * Saving the final RDB snapshot before exiting.
38387:M 31 Oct 11:19:57.550 * DB saved on disk
38387:M 31 Oct 11:19:57.550 * Removing the pid file.
38387:M 31 Oct 11:19:57.550 * Removing the unix socket file.
38387:M 31 Oct 11:19:57.550 # Redis is now ready to exit, bye bye...
38446:M 31 Oct 11:20:40.138 * Increased maximum number of open files to 10032 (it was originally set to 1024).
                _._                                                  
           _.-``__ ''-._                                             
      _.-``    `.  `_.  ''-._           Redis 3.2.5 (5a352c5a/1) 64 bit
  .-`` .-```.  ```\/    _.,_ ''-._                                   
 (    '      ,       .-`  | `,    )     Running in standalone mode
 |`-._`-...-` __...-.``-._|'` _.-'|     Port: 0
 |    `-._   `._    /     _.-'    |     PID: 38446
  `-._    `-._  `-./  _.-'    _.-'                                   
 |`-._`-._    `-.__.-'    _.-'_.-'|                                  
 |    `-._`-._        _.-'_.-'    |           http://redis.io        
  `-._    `-._`-.__.-'_.-'    _.-'                                   
 |`-._`-._    `-.__.-'    _.-'_.-'|                                  
 |    `-._`-._        _.-'_.-'    |                                  
  `-._    `-._`-.__.-'_.-'    _.-'                                   
      `-._    `-.__.-'    _.-'                                       
          `-._        _.-'                                           
              `-.__.-'                                               

38446:M 31 Oct 11:20:40.140 # Server started, Redis version 3.2.5
38446:M 31 Oct 11:20:40.142 * DB loaded from disk: 0.001 seconds
38446:M 31 Oct 11:20:40.142 * The server is now ready to accept connections at /Users/dev/Documents/gbc-server/tmp/redis.sock
38446:signal-handler (1477884069) Received SIGTERM scheduling shutdown...
38446:M 31 Oct 11:21:09.898 # User requested shutdown...
38446:M 31 Oct 11:21:09.898 * Saving the final RDB snapshot before exiting.
38446:M 31 Oct 11:21:09.900 * DB saved on disk
38446:M 31 Oct 11:21:09.901 * Removing the pid file.
38446:M 31 Oct 11:21:09.902 * Removing the unix socket file.
38446:M 31 Oct 11:21:09.902 # Redis is now ready to exit, bye bye...
38493:M 31 Oct 11:21:13.417 * Increased maximum number of open files to 10032 (it was originally set to 1024).
                _._                                                  
           _.-``__ ''-._                                             
      _.-``    `.  `_.  ''-._           Redis 3.2.5 (5a352c5a/1) 64 bit
  .-`` .-```.  ```\/    _.,_ ''-._                                   
 (    '      ,       .-`  | `,    )     Running in standalone mode
 |`-._`-...-` __...-.``-._|'` _.-'|     Port: 0
 |    `-._   `._    /     _.-'    |     PID: 38493
  `-._    `-._  `-./  _.-'    _.-'                                   
 |`-._`-._    `-.__.-'    _.-'_.-'|                                  
 |    `-._`-._        _.-'_.-'    |           http://redis.io        
  `-._    `-._`-.__.-'_.-'    _.-'                                   
 |`-._`-._    `-.__.-'    _.-'_.-'|                                  
 |    `-._`-._        _.-'_.-'    |                                  
  `-._    `-._`-.__.-'_.-'    _.-'                                   
      `-._    `-.__.-'    _.-'                                       
          `-._        _.-'                                           
              `-.__.-'                                               

38493:M 31 Oct 11:21:13.419 # Server started, Redis version 3.2.5
38493:M 31 Oct 11:21:13.420 * DB loaded from disk: 0.001 seconds
38493:M 31 Oct 11:21:13.420 * The server is now ready to accept connections at /Users/dev/Documents/gbc-server/tmp/redis.sock
38493:signal-handler (1477884090) Received SIGTERM scheduling shutdown...
38493:M 31 Oct 11:21:30.379 # User requested shutdown...
38493:M 31 Oct 11:21:30.379 * Saving the final RDB snapshot before exiting.
38493:M 31 Oct 11:21:30.382 * DB saved on disk
38493:M 31 Oct 11:21:30.383 * Removing the pid file.
38493:M 31 Oct 11:21:30.383 * Removing the unix socket file.
38493:M 31 Oct 11:21:30.383 # Redis is now ready to exit, bye bye...
38542:M 31 Oct 11:21:39.364 * Increased maximum number of open files to 10032 (it was originally set to 1024).
                _._                                                  
           _.-``__ ''-._                                             
      _.-``    `.  `_.  ''-._           Redis 3.2.5 (5a352c5a/1) 64 bit
  .-`` .-```.  ```\/    _.,_ ''-._                                   
 (    '      ,       .-`  | `,    )     Running in standalone mode
 |`-._`-...-` __...-.``-._|'` _.-'|     Port: 0
 |    `-._   `._    /     _.-'    |     PID: 38542
  `-._    `-._  `-./  _.-'    _.-'                                   
 |`-._`-._    `-.__.-'    _.-'_.-'|                                  
 |    `-._`-._        _.-'_.-'    |           http://redis.io        
  `-._    `-._`-.__.-'_.-'    _.-'                                   
 |`-._`-._    `-.__.-'    _.-'_.-'|                                  
 |    `-._`-._        _.-'_.-'    |                                  
  `-._    `-._`-.__.-'_.-'    _.-'                                   
      `-._    `-.__.-'    _.-'                                       
          `-._        _.-'                                           
              `-.__.-'                                               

38542:M 31 Oct 11:21:39.366 # Server started, Redis version 3.2.5
38542:M 31 Oct 11:21:39.367 * DB loaded from disk: 0.001 seconds
38542:M 31 Oct 11:21:39.367 * The server is now ready to accept connections at /Users/dev/Documents/gbc-server/tmp/redis.sock
38542:signal-handler (1477884173) Received SIGTERM scheduling shutdown...
38542:M 31 Oct 11:22:53.409 # User requested shutdown...
38542:M 31 Oct 11:22:53.410 * Saving the final RDB snapshot before exiting.
38542:M 31 Oct 11:22:53.413 * DB saved on disk
38542:M 31 Oct 11:22:53.413 * Removing the pid file.
38542:M 31 Oct 11:22:53.414 * Removing the unix socket file.
38542:M 31 Oct 11:22:53.414 # Redis is now ready to exit, bye bye...
38598:M 31 Oct 11:22:55.285 * Increased maximum number of open files to 10032 (it was originally set to 1024).
                _._                                                  
           _.-``__ ''-._                                             
      _.-``    `.  `_.  ''-._           Redis 3.2.5 (5a352c5a/1) 64 bit
  .-`` .-```.  ```\/    _.,_ ''-._                                   
 (    '      ,       .-`  | `,    )     Running in standalone mode
 |`-._`-...-` __...-.``-._|'` _.-'|     Port: 0
 |    `-._   `._    /     _.-'    |     PID: 38598
  `-._    `-._  `-./  _.-'    _.-'                                   
 |`-._`-._    `-.__.-'    _.-'_.-'|                                  
 |    `-._`-._        _.-'_.-'    |           http://redis.io        
  `-._    `-._`-.__.-'_.-'    _.-'                                   
 |`-._`-._    `-.__.-'    _.-'_.-'|                                  
 |    `-._`-._        _.-'_.-'    |                                  
  `-._    `-._`-.__.-'_.-'    _.-'                                   
      `-._    `-.__.-'    _.-'                                       
          `-._        _.-'                                           
              `-.__.-'                                               

38598:M 31 Oct 11:22:55.287 # Server started, Redis version 3.2.5
38598:M 31 Oct 11:22:55.288 * DB loaded from disk: 0.001 seconds
38598:M 31 Oct 11:22:55.288 * The server is now ready to accept connections at /Users/dev/Documents/gbc-server/tmp/redis.sock
38598:signal-handler (1477884233) Received SIGTERM scheduling shutdown...
38598:M 31 Oct 11:23:53.324 # User requested shutdown...
38598:M 31 Oct 11:23:53.324 * Saving the final RDB snapshot before exiting.
38598:M 31 Oct 11:23:53.326 * DB saved on disk
38598:M 31 Oct 11:23:53.326 * Removing the pid file.
38598:M 31 Oct 11:23:53.326 * Removing the unix socket file.
38598:M 31 Oct 11:23:53.326 # Redis is now ready to exit, bye bye...
38650:M 31 Oct 11:23:56.662 * Increased maximum number of open files to 10032 (it was originally set to 1024).
                _._                                                  
           _.-``__ ''-._                                             
      _.-``    `.  `_.  ''-._           Redis 3.2.5 (5a352c5a/1) 64 bit
  .-`` .-```.  ```\/    _.,_ ''-._                                   
 (    '      ,       .-`  | `,    )     Running in standalone mode
 |`-._`-...-` __...-.``-._|'` _.-'|     Port: 0
 |    `-._   `._    /     _.-'    |     PID: 38650
  `-._    `-._  `-./  _.-'    _.-'                                   
 |`-._`-._    `-.__.-'    _.-'_.-'|                                  
 |    `-._`-._        _.-'_.-'    |           http://redis.io        
  `-._    `-._`-.__.-'_.-'    _.-'                                   
 |`-._`-._    `-.__.-'    _.-'_.-'|                                  
 |    `-._`-._        _.-'_.-'    |                                  
  `-._    `-._`-.__.-'_.-'    _.-'                                   
      `-._    `-.__.-'    _.-'                                       
          `-._        _.-'                                           
              `-.__.-'                                               

38650:M 31 Oct 11:23:56.664 # Server started, Redis version 3.2.5
38650:M 31 Oct 11:23:56.665 * DB loaded from disk: 0.001 seconds
38650:M 31 Oct 11:23:56.665 * The server is now ready to accept connections at /Users/dev/Documents/gbc-server/tmp/redis.sock
38650:signal-handler (1477884394) Received SIGTERM scheduling shutdown...
38650:M 31 Oct 11:26:34.097 # User requested shutdown...
38650:M 31 Oct 11:26:34.097 * Saving the final RDB snapshot before exiting.
38650:M 31 Oct 11:26:34.100 * DB saved on disk
38650:M 31 Oct 11:26:34.100 * Removing the pid file.
38650:M 31 Oct 11:26:34.101 * Removing the unix socket file.
38650:M 31 Oct 11:26:34.101 # Redis is now ready to exit, bye bye...
38730:M 31 Oct 11:26:41.248 * Increased maximum number of open files to 10032 (it was originally set to 1024).
                _._                                                  
           _.-``__ ''-._                                             
      _.-``    `.  `_.  ''-._           Redis 3.2.5 (5a352c5a/1) 64 bit
  .-`` .-```.  ```\/    _.,_ ''-._                                   
 (    '      ,       .-`  | `,    )     Running in standalone mode
 |`-._`-...-` __...-.``-._|'` _.-'|     Port: 0
 |    `-._   `._    /     _.-'    |     PID: 38730
  `-._    `-._  `-./  _.-'    _.-'                                   
 |`-._`-._    `-.__.-'    _.-'_.-'|                                  
 |    `-._`-._        _.-'_.-'    |           http://redis.io        
  `-._    `-._`-.__.-'_.-'    _.-'                                   
 |`-._`-._    `-.__.-'    _.-'_.-'|                                  
 |    `-._`-._        _.-'_.-'    |                                  
  `-._    `-._`-.__.-'_.-'    _.-'                                   
      `-._    `-.__.-'    _.-'                                       
          `-._        _.-'                                           
              `-.__.-'                                               

38730:M 31 Oct 11:26:41.250 # Server started, Redis version 3.2.5
38730:M 31 Oct 11:26:41.251 * DB loaded from disk: 0.001 seconds
38730:M 31 Oct 11:26:41.252 * The server is now ready to accept connections at /Users/dev/Documents/gbc-server/tmp/redis.sock
38730:M 31 Oct 11:31:42.092 * 10 changes in 300 seconds. Saving...
38730:M 31 Oct 11:31:42.093 * Background saving started by pid 38783
38783:C 31 Oct 11:31:42.097 * DB saved on disk
38730:M 31 Oct 11:31:42.196 * Background saving terminated with success
38730:M 31 Oct 11:40:40.720 * 10 changes in 300 seconds. Saving...
38730:M 31 Oct 11:40:40.721 * Background saving started by pid 38827
38827:C 31 Oct 11:40:40.722 * DB saved on disk
38730:M 31 Oct 11:40:40.825 * Background saving terminated with success
38730:M 31 Oct 11:45:41.062 * 10 changes in 300 seconds. Saving...
38730:M 31 Oct 11:45:41.063 * Background saving started by pid 39374
39374:C 31 Oct 11:45:41.066 * DB saved on disk
38730:M 31 Oct 11:45:41.166 * Background saving terminated with success
